# JRE version: OpenJDK Runtime Environment (8.0_121-b13) (build 1.8.0_121-8u121-b13-0ubuntu1.16.04.2-b13)
# Java VM: OpenJDK 64-Bit Server VM (25.121-b13 mixed mode linux-amd64 compressed oops)
Heap:
 PSYoungGen      total 160768K, used 0K [0x00000000ec000000, 0x00000000f9400000, 0x0000000100000000)
  eden space 146944K, 0% used [0x00000000ec000000,0x00000000ec000000,0x00000000f4f80000)
  from space 13824K, 0% used [0x00000000f6180000,0x00000000f6180000,0x00000000f6f00000)
  to   space 18432K, 0% used [0x00000000f4f80000,0x00000000f4f80000,0x00000000f6180000)
 ParOldGen       total 40448K, used 28799K [0x00000000c4000000, 0x00000000c6780000, 0x00000000ec000000)
  object space 40448K, 71% used [0x00000000c4000000,0x00000000c5c1fd38,0x00000000c6780000)
 Metaspace       used 34507K, capacity 35436K, committed 35496K, reserved 1079296K
  class space    used 4642K, capacity 4999K, committed 5032K, reserved 1048576K
GC Heap History (10 events):
Event: 4,126 GC heap after
Heap after GC invocations=5 (full 0):
 PSYoungGen      total 64000K, used 2544K [0x00000000ec000000, 0x00000000f4c00000, 0x0000000100000000)
  eden space 61440K, 0% used [0x00000000ec000000,0x00000000ec000000,0x00000000efc00000)
  from space 2560K, 99% used [0x00000000efc00000,0x00000000efe7c050,0x00000000efe80000)
  to   space 10240K, 0% used [0x00000000f4200000,0x00000000f4200000,0x00000000f4c00000)
 ParOldGen       total 40960K, used 14791K [0x00000000c4000000, 0x00000000c6800000, 0x00000000ec000000)
  object space 40960K, 36% used [0x00000000c4000000,0x00000000c4e71fe8,0x00000000c6800000)
 Metaspace       used 20792K, capacity 21184K, committed 21296K, reserved 1067008K
  class space    used 2761K, capacity 2915K, committed 2944K, reserved 1048576K
}
Event: 4,126 GC heap before
{Heap before GC invocations=6 (full 1):
 PSYoungGen      total 64000K, used 2544K [0x00000000ec000000, 0x00000000f4c00000, 0x0000000100000000)
  eden space 61440K, 0% used [0x00000000ec000000,0x00000000ec000000,0x00000000efc00000)
  from space 2560K, 99% used [0x00000000efc00000,0x00000000efe7c050,0x00000000efe80000)
  to   space 10240K, 0% used [0x00000000f4200000,0x00000000f4200000,0x00000000f4c00000)
 ParOldGen       total 40960K, used 14791K [0x00000000c4000000, 0x00000000c6800000, 0x00000000ec000000)
  object space 40960K, 36% used [0x00000000c4000000,0x00000000c4e71fe8,0x00000000c6800000)
 Metaspace       used 20792K, capacity 21184K, committed 21296K, reserved 1067008K
  class space    used 2761K, capacity 2915K, committed 2944K, reserved 1048576K
Event: 4,238 GC heap after
Heap after GC invocations=6 (full 1):
 PSYoungGen      total 64000K, used 0K [0x00000000ec000000, 0x00000000f4c00000, 0x0000000100000000)
  eden space 61440K, 0% used [0x00000000ec000000,0x00000000ec000000,0x00000000efc00000)
  from space 2560K, 0% used [0x00000000efc00000,0x00000000efc00000,0x00000000efe80000)
  to   space 10240K, 0% used [0x00000000f4200000,0x00000000f4200000,0x00000000f4c00000)
 ParOldGen       total 40448K, used 10978K [0x00000000c4000000, 0x00000000c6780000, 0x00000000ec000000)
  object space 40448K, 27% used [0x00000000c4000000,0x00000000c4ab8990,0x00000000c6780000)
 Metaspace       used 20792K, capacity 21184K, committed 21296K, reserved 1067008K
  class space    used 2761K, capacity 2915K, committed 2944K, reserved 1048576K
}
Event: 5,909 GC heap before
{Heap before GC invocations=7 (full 1):
 PSYoungGen      total 64000K, used 61440K [0x00000000ec000000, 0x00000000f4c00000, 0x0000000100000000)
  eden space 61440K, 100% used [0x00000000ec000000,0x00000000efc00000,0x00000000efc00000)
  from space 2560K, 0% used [0x00000000efc00000,0x00000000efc00000,0x00000000efe80000)
  to   space 10240K, 0% used [0x00000000f4200000,0x00000000f4200000,0x00000000f4c00000)
 ParOldGen       total 40448K, used 10978K [0x00000000c4000000, 0x00000000c6780000, 0x00000000ec000000)
  object space 40448K, 27% used [0x00000000c4000000,0x00000000c4ab8990,0x00000000c6780000)
 Metaspace       used 25242K, capacity 25892K, committed 26112K, reserved 1071104K
  class space    used 3343K, capacity 3579K, committed 3584K, reserved 1048576K
Event: 5,952 GC heap after
Heap after GC invocations=7 (full 1):
 PSYoungGen      total 103424K, used 5823K [0x00000000ec000000, 0x00000000f4800000, 0x0000000100000000)
  eden space 97280K, 0% used [0x00000000ec000000,0x00000000ec000000,0x00000000f1f00000)
  from space 6144K, 94% used [0x00000000f4200000,0x00000000f47afc38,0x00000000f4800000)
  to   space 9728K, 0% used [0x00000000f3500000,0x00000000f3500000,0x00000000f3e80000)
 ParOldGen       total 40448K, used 10986K [0x00000000c4000000, 0x00000000c6780000, 0x00000000ec000000)
  object space 40448K, 27% used [0x00000000c4000000,0x00000000c4aba990,0x00000000c6780000)
 Metaspace       used 25242K, capacity 25892K, committed 26112K, reserved 1071104K
  class space    used 3343K, capacity 3579K, committed 3584K, reserved 1048576K
}
Event: 7,915 GC heap before
{Heap before GC invocations=8 (full 1):
 PSYoungGen      total 103424K, used 103103K [0x00000000ec000000, 0x00000000f4800000, 0x0000000100000000)
  eden space 97280K, 100% used [0x00000000ec000000,0x00000000f1f00000,0x00000000f1f00000)
  from space 6144K, 94% used [0x00000000f4200000,0x00000000f47afc38,0x00000000f4800000)
  to   space 9728K, 0% used [0x00000000f3500000,0x00000000f3500000,0x00000000f3e80000)
 ParOldGen       total 40448K, used 10986K [0x00000000c4000000, 0x00000000c6780000, 0x00000000ec000000)
  object space 40448K, 27% used [0x00000000c4000000,0x00000000c4aba990,0x00000000c6780000)
 Metaspace       used 30452K, capacity 31372K, committed 31488K, reserved 1077248K
  class space    used 4114K, capacity 4505K, committed 4608K, reserved 1048576K
Event: 7,979 GC heap after
Heap after GC invocations=8 (full 1):
 PSYoungGen      total 129536K, used 9703K [0x00000000ec000000, 0x00000000f6f00000, 0x0000000100000000)
  eden space 119808K, 0% used [0x00000000ec000000,0x00000000ec000000,0x00000000f3500000)
  from space 9728K, 99% used [0x00000000f3500000,0x00000000f3e79c20,0x00000000f3e80000)
  to   space 13824K, 0% used [0x00000000f6180000,0x00000000f6180000,0x00000000f6f00000)
 ParOldGen       total 40448K, used 16565K [0x00000000c4000000, 0x00000000c6780000, 0x00000000ec000000)
  object space 40448K, 40% used [0x00000000c4000000,0x00000000c502d660,0x00000000c6780000)
 Metaspace       used 30452K, capacity 31372K, committed 31488K, reserved 1077248K
  class space    used 4114K, capacity 4505K, committed 4608K, reserved 1048576K
}
Event: 16,350 GC heap before
{Heap before GC invocations=9 (full 1):
 PSYoungGen      total 129536K, used 102227K [0x00000000ec000000, 0x00000000f6f00000, 0x0000000100000000)
  eden space 119808K, 77% used [0x00000000ec000000,0x00000000f1a5b050,0x00000000f3500000)
  from space 9728K, 99% used [0x00000000f3500000,0x00000000f3e79c20,0x00000000f3e80000)
  to   space 13824K, 0% used [0x00000000f6180000,0x00000000f6180000,0x00000000f6f00000)
 ParOldGen       total 40448K, used 16565K [0x00000000c4000000, 0x00000000c6780000, 0x00000000ec000000)
  object space 40448K, 40% used [0x00000000c4000000,0x00000000c502d660,0x00000000c6780000)
 Metaspace       used 34507K, capacity 35436K, committed 35496K, reserved 1079296K
  class space    used 4642K, capacity 4999K, committed 5032K, reserved 1048576K
Event: 16,440 GC heap after
Heap after GC invocations=9 (full 1):
 PSYoungGen      total 160768K, used 13824K [0x00000000ec000000, 0x00000000f9400000, 0x0000000100000000)
  eden space 146944K, 0% used [0x00000000ec000000,0x00000000ec000000,0x00000000f4f80000)
  from space 13824K, 100% used [0x00000000f6180000,0x00000000f6f00000,0x00000000f6f00000)
  to   space 18432K, 0% used [0x00000000f4f80000,0x00000000f4f80000,0x00000000f6180000)
 ParOldGen       total 40448K, used 22118K [0x00000000c4000000, 0x00000000c6780000, 0x00000000ec000000)
  object space 40448K, 54% used [0x00000000c4000000,0x00000000c5599838,0x00000000c6780000)
 Metaspace       used 34507K, capacity 35436K, committed 35496K, reserved 1079296K
  class space    used 4642K, capacity 4999K, committed 5032K, reserved 1048576K
}
Event: 16,445 GC heap before
{Heap before GC invocations=10 (full 2):
 PSYoungGen      total 160768K, used 13824K [0x00000000ec000000, 0x00000000f9400000, 0x0000000100000000)
  eden space 146944K, 0% used [0x00000000ec000000,0x00000000ec000000,0x00000000f4f80000)
  from space 13824K, 100% used [0x00000000f6180000,0x00000000f6f00000,0x00000000f6f00000)
  to   space 18432K, 0% used [0x00000000f4f80000,0x00000000f4f80000,0x00000000f6180000)
 ParOldGen       total 40448K, used 22118K [0x00000000c4000000, 0x00000000c6780000, 0x00000000ec000000)
  object space 40448K, 54% used [0x00000000c4000000,0x00000000c5599838,0x00000000c6780000)
 Metaspace       used 34507K, capacity 35436K, committed 35496K, reserved 1079296K
  class space    used 4642K, capacity 4999K, committed 5032K, reserved 1048576K

